<?xml version="1.0" encoding="UTF-8"?>
<!-- Generated by org.testng.reporters.JUnitXMLReporter -->
<testsuite hostname="LP-RGURAJA-AUX3" ignored="0" name="Test" tests="8" failures="0" timestamp="05 Feb 2020 00:23:34 GMT" time="43.446" errors="0">
  <testcase name="fbTest" time="6.887" classname="com.simplilearn.testpages.HomePageTests"/>
  <testcase name="googleTest" time="2.576" classname="com.simplilearn.testpages.HomePageTests"/>
  <testcase name="searchByManufacturer" time="3.017" classname="com.simplilearn.testpages.HomePageTests"/>
  <testcase name="searchTest" time="1.337" classname="com.simplilearn.testpages.HomePageTests"/>
  <testcase name="signinTest" time="1.571" classname="com.simplilearn.testpages.HomePageTests"/>
  <testcase name="purchaseProducts" time="14.234" classname="com.simplilearn.testpages.WelcomePageTests"/>
  <testcase name="signOutTest" time="4.2" classname="com.simplilearn.testpages.WelcomePageTests"/>
  <testcase name="writeReviewTest" time="9.568" classname="com.simplilearn.testpages.WelcomePageTests"/>
</testsuite> <!-- Test -->
