<?xml version="1.0" encoding="UTF-8"?>
<!-- Generated by org.testng.reporters.JUnitXMLReporter -->
<testsuite hostname="LP-RGURAJA-AUX3" ignored="0" name="Automation Practice Test" tests="16" failures="0" timestamp="2020-02-07T12:33:41 PST" time="264.411" errors="0">
  <testcase name="fbTest" time="11.877" classname="com.simplilearn.testpages.HomePageTests"/>
  <testcase name="googleTest" time="6.589" classname="com.simplilearn.testpages.HomePageTests"/>
  <testcase name="pinItTest" time="16.636" classname="com.simplilearn.testpages.HomePageTests"/>
  <testcase name="searchByManufacturer" time="16.244" classname="com.simplilearn.testpages.HomePageTests"/>
  <testcase name="searchTest" time="2.79" classname="com.simplilearn.testpages.HomePageTests"/>
  <testcase name="signinTest" time="1.862" classname="com.simplilearn.testpages.HomePageTests"/>
  <testcase name="signInFailureTest" time="5.288" classname="com.simplilearn.testpages.LoginPageTests"/>
  <testcase name="signInTest" time="7.743" classname="com.simplilearn.testpages.LoginPageTests"/>
  <testcase name="signUpTest" time="3.067" classname="com.simplilearn.testpages.LoginPageTests"/>
  <testcase name="createAccountTest" time="14.14" classname="com.simplilearn.testpages.CreateAccountPageTests"/>
  <testcase name="createAccountTestInvalidPostalCode" time="23.298" classname="com.simplilearn.testpages.CreateAccountPageTests"/>
  <testcase name="createAccountTestNoCountry" time="28.722" classname="com.simplilearn.testpages.CreateAccountPageTests"/>
  <testcase name="purchaseDiffProducts" time="37.348" classname="com.simplilearn.testpages.WelcomePageTests"/>
  <testcase name="purchaseProducts" time="26.874" classname="com.simplilearn.testpages.WelcomePageTests"/>
  <testcase name="signOutTest" time="8.001" classname="com.simplilearn.testpages.WelcomePageTests"/>
  <testcase name="writeReviewTest" time="29.871" classname="com.simplilearn.testpages.WelcomePageTests"/>
</testsuite> <!-- Automation Practice Test -->
