<?xml version="1.0" encoding="UTF-8"?>
<testsuite xmlns:xsi="http://www.w3.org/2001/XMLSchema-instance" xsi:noNamespaceSchemaLocation="https://maven.apache.org/surefire/maven-surefire-plugin/xsd/surefire-test-report-3.0.xsd" version="3.0" name="TestSuite" time="287.275" tests="16" errors="0" skipped="0" failures="0">
  <properties>
[...]
</properties>
  <testcase name="fbTest" classname="com.simplilearn.testpages.HomePageTests" time="11.801"/>
  <testcase name="googleTest" classname="com.simplilearn.testpages.HomePageTests" time="6.591"/>
  <testcase name="pinItTest" classname="com.simplilearn.testpages.HomePageTests" time="16.636"/>
  <testcase name="searchByManufacturer" classname="com.simplilearn.testpages.HomePageTests" time="16.244"/>
  <testcase name="searchTest" classname="com.simplilearn.testpages.HomePageTests" time="2.79"/>
  <testcase name="signinTest" classname="com.simplilearn.testpages.HomePageTests" time="1.902"/>
  <testcase name="signInFailureTest" classname="com.simplilearn.testpages.LoginPageTests" time="5.292"/>
  <testcase name="signInTest" classname="com.simplilearn.testpages.LoginPageTests" time="7.754"/>
  <testcase name="signUpTest" classname="com.simplilearn.testpages.LoginPageTests" time="3.097"/>
  <testcase name="createAccountTest" classname="com.simplilearn.testpages.CreateAccountPageTests" time="14.178"/>
  <testcase name="createAccountTestInvalidPostalCode" classname="com.simplilearn.testpages.CreateAccountPageTests" time="23.294"/>
  <testcase name="createAccountTestNoCountry" classname="com.simplilearn.testpages.CreateAccountPageTests" time="28.724"/>
  <testcase name="purchaseDiffProducts" classname="com.simplilearn.testpages.WelcomePageTests" time="37.375"/>
  <testcase name="purchaseProducts" classname="com.simplilearn.testpages.WelcomePageTests" time="26.932"/>
  <testcase name="signOutTest" classname="com.simplilearn.testpages.WelcomePageTests" time="7.997"/>
  <testcase name="writeReviewTest" classname="com.simplilearn.testpages.WelcomePageTests" time="29.921"/>
</testsuite>